mode: set
harness-engineering/workspace/random/random.go:36.51,37.30 1 1
harness-engineering/workspace/random/random.go:37.30,40.17 3 1
harness-engineering/workspace/random/random.go:40.17,45.4 3 0
harness-engineering/workspace/random/random.go:45.9,50.4 2 1
harness-engineering/workspace/random/random.go:52.2,55.3 2 1
harness-engineering/workspace/random/random.go:59.26,60.17 1 1
harness-engineering/workspace/random/random.go:60.17,62.3 1 1
harness-engineering/workspace/random/random.go:63.2,63.18 1 1
harness-engineering/workspace/random/random.go:68.57,69.15 1 1
harness-engineering/workspace/random/random.go:69.15,71.3 1 1
harness-engineering/workspace/random/random.go:72.2,76.15 4 1
harness-engineering/workspace/random/random.go:76.15,78.3 1 1
harness-engineering/workspace/random/random.go:80.2,81.24 2 1
harness-engineering/workspace/random/random.go:81.24,83.3 1 1
harness-engineering/workspace/random/random.go:83.8,85.3 1 1
harness-engineering/workspace/random/random.go:87.2,87.36 1 1
harness-engineering/workspace/random/random.go:91.37,95.2 3 1
harness-engineering/workspace/random/random.go:99.50,100.11 1 1
harness-engineering/workspace/random/random.go:100.11,102.3 1 1
harness-engineering/workspace/random/random.go:103.2,103.12 1 1
harness-engineering/workspace/random/random.go:103.12,105.3 1 1
harness-engineering/workspace/random/random.go:106.2,111.21 4 1
harness-engineering/workspace/random/random.go:111.21,113.35 2 1
harness-engineering/workspace/random/random.go:113.35,117.4 3 1
harness-engineering/workspace/random/random.go:119.2,119.15 1 1
harness-engineering/workspace/random/random.go:123.44,124.17 1 1
harness-engineering/workspace/random/random.go:124.17,126.3 1 1
harness-engineering/workspace/random/random.go:127.2,129.40 3 1
harness-engineering/workspace/random/random.go:129.40,131.3 1 1
harness-engineering/workspace/random/random.go:139.42,141.2 1 1
harness-engineering/workspace/random/random.go:144.22,146.2 1 1
harness-engineering/workspace/random/random.go:149.35,151.2 1 1
harness-engineering/workspace/random/random.go:154.29,156.2 1 1
harness-engineering/workspace/random/random.go:164.41,165.11 1 1
harness-engineering/workspace/random/random.go:165.11,167.3 1 1
harness-engineering/workspace/random/random.go:168.2,168.12 1 1
harness-engineering/workspace/random/random.go:168.12,170.3 1 1
harness-engineering/workspace/random/random.go:171.2,173.16 3 1
harness-engineering/workspace/random/random.go:173.16,175.3 1 0
harness-engineering/workspace/random/random.go:176.2,176.15 1 1
harness-engineering/workspace/random/random.go:181.48,182.15 1 1
harness-engineering/workspace/random/random.go:182.15,184.3 1 1
harness-engineering/workspace/random/random.go:185.2,186.15 2 1
harness-engineering/workspace/random/random.go:186.15,188.3 1 1
harness-engineering/workspace/random/random.go:190.2,192.16 3 1
harness-engineering/workspace/random/random.go:192.16,194.3 1 0
harness-engineering/workspace/random/random.go:196.2,196.43 1 1
harness-engineering/workspace/random/random.go:201.37,204.16 3 1
harness-engineering/workspace/random/random.go:204.16,206.3 1 0
harness-engineering/workspace/random/random.go:209.2,215.15 4 1
