mode: set
harness-engineering/workspace/landing_page/landing_page.go:31.29,35.67 2 1
harness-engineering/workspace/landing_page/landing_page.go:35.67,37.43 2 1
harness-engineering/workspace/landing_page/landing_page.go:37.43,40.4 2 1
harness-engineering/workspace/landing_page/landing_page.go:41.3,41.27 1 1
harness-engineering/workspace/landing_page/landing_page.go:41.27,44.4 2 1
harness-engineering/workspace/landing_page/landing_page.go:45.3,45.24 1 1
harness-engineering/workspace/landing_page/landing_page.go:45.24,48.4 2 1
harness-engineering/workspace/landing_page/landing_page.go:49.3,49.22 1 1
harness-engineering/workspace/landing_page/landing_page.go:53.2,53.78 1 1
harness-engineering/workspace/landing_page/landing_page.go:53.78,57.34 2 1
harness-engineering/workspace/landing_page/landing_page.go:57.34,64.4 3 1
harness-engineering/workspace/landing_page/landing_page.go:66.3,70.56 3 1
harness-engineering/workspace/landing_page/landing_page.go:70.56,72.18 2 1
harness-engineering/workspace/landing_page/landing_page.go:72.18,79.5 3 0
harness-engineering/workspace/landing_page/landing_page.go:80.4,82.53 2 1
harness-engineering/workspace/landing_page/landing_page.go:82.53,89.5 3 0
harness-engineering/workspace/landing_page/landing_page.go:90.9,92.40 1 1
harness-engineering/workspace/landing_page/landing_page.go:92.40,99.5 3 0
harness-engineering/workspace/landing_page/landing_page.go:100.4,102.40 3 1
harness-engineering/workspace/landing_page/landing_page.go:106.3,111.61 4 1
harness-engineering/workspace/landing_page/landing_page.go:111.61,118.4 3 1
harness-engineering/workspace/landing_page/landing_page.go:121.3,121.101 1 1
harness-engineering/workspace/landing_page/landing_page.go:121.101,128.4 3 1
harness-engineering/workspace/landing_page/landing_page.go:130.3,130.28 1 1
harness-engineering/workspace/landing_page/landing_page.go:130.28,137.4 3 1
harness-engineering/workspace/landing_page/landing_page.go:140.3,144.5 2 1
harness-engineering/workspace/landing_page/landing_page.go:147.2,147.12 1 1
harness-engineering/workspace/landing_page/landing_page.go:151.76,153.16 2 1
harness-engineering/workspace/landing_page/landing_page.go:153.16,156.3 2 0
harness-engineering/workspace/landing_page/landing_page.go:157.2,162.25 4 1
