mode: set
harness-engineering/workspace/password/password.go:26.20,28.2 1 1
harness-engineering/workspace/password/password.go:32.30,33.52 1 1
harness-engineering/workspace/password/password.go:33.52,35.3 1 1
harness-engineering/workspace/password/password.go:36.2,37.12 2 1
harness-engineering/workspace/password/password.go:41.18,43.2 1 1
harness-engineering/workspace/password/password.go:52.52,54.24 1 1
harness-engineering/workspace/password/password.go:54.24,56.3 1 1
harness-engineering/workspace/password/password.go:59.2,59.64 1 1
harness-engineering/workspace/password/password.go:59.64,61.3 1 1
harness-engineering/workspace/password/password.go:63.2,64.16 2 1
harness-engineering/workspace/password/password.go:64.16,67.3 1 0
harness-engineering/workspace/password/password.go:69.2,69.33 1 1
harness-engineering/workspace/password/password.go:75.52,79.2 2 1
